{"logLevel":"debug","message":"multithreading is set to false"}
{"logLevel":"debug","message":"Using reflection to scan dependencies for gauge implementations..."}
SLF4J: No SLF4J providers were found.
SLF4J: Defaulting to no-operation (NOP) logger implementation
SLF4J: See https://www.slf4j.org/codes.html#noProviders for further details.
{"logLevel":"debug","message":"gauge-java took 2082milliseconds to load and scan. This should be less than 'runner_connection_timeout' config value."}
{"logLevel":"debug","message":"run 'gauge config runner_connection_timeout' and verify that it is < 2082"}
{"logLevel":"debug","message":"starting gRPC server..."}
{"logLevel":"debug","message":"Scanning packages for steps"}
{"logLevel":"debug","message":"Comparing 'StepImplementation.enterTextIntoElement' and 'StepImplementation.enterTextIntoElement'"}
{"logLevel":"debug","message":"Found Enter {} into {} in current project scope."}
{"logLevel":"debug","message":"Comparing 'StepImplementation.enterTextIntoElement' and 'StepImplementation.enterTextIntoElement'"}
{"logLevel":"debug","message":"Found {} elementine {} text değerini yaz in current project scope."}
{"logLevel":"debug","message":"Comparing 'StepImplementation.navigateTo' and 'StepImplementation.navigateTo'"}
{"logLevel":"debug","message":"Found Navigate to {} in current project scope."}
{"logLevel":"debug","message":"Comparing 'StepImplementation.navigateTo' and 'StepImplementation.navigateTo'"}
{"logLevel":"debug","message":"Found {} sayfasına git. in current project scope."}
{"logLevel":"debug","message":"Comparing 'StepImplementation.clickElement' and 'StepImplementation.clickElement'"}
{"logLevel":"debug","message":"Found Click {} in current project scope."}
{"logLevel":"debug","message":"Comparing 'StepImplementation.clickElement' and 'StepImplementation.clickElement'"}
{"logLevel":"debug","message":"Found {} elementine tıkla. in current project scope."}
{"logLevel":"debug","message":"Comparing 'StepImplementation.isElementDisplayed' and 'StepImplementation.isElementDisplayed'"}
{"logLevel":"debug","message":"Found Verify {} is displayed in current project scope."}
{"logLevel":"debug","message":"Comparing 'StepImplementation.isElementDisplayed' and 'StepImplementation.isElementDisplayed'"}
{"logLevel":"debug","message":"Found {} elementinin görünür olduğunu kontrol et in current project scope."}
{"logLevel":"debug","message":"Scanning packages for hooks"}
{"logLevel":"debug","message":"Scanned steps (using static parsing + reflections): "}
{"logLevel":"debug","message":"\t{} elementine tıkla. : public void clickElement(String key)"}
{"logLevel":"debug","message":"\tEnter {} into {} : public void enterTextIntoElement(String text, String key)"}
{"logLevel":"debug","message":"\tVerify {} is displayed : public boolean isElementDisplayed(String key)"}
{"logLevel":"debug","message":"\t{} sayfasına git. : public void navigateTo(String url)"}
{"logLevel":"debug","message":"\t{} elementinin görünür olduğunu kontrol et : public boolean isElementDisplayed(String key)"}
{"logLevel":"debug","message":"\tNavigate to {} : public void navigateTo(String url)"}
{"logLevel":"debug","message":"\tClick {} : public void clickElement(String key)"}
{"logLevel":"debug","message":"\t{} elementine {} text değerini yaz : public void enterTextIntoElement(String text, String key)"}
{"logLevel":"debug","message":"started gRPC server on port 51122"}
{"logLevel":"info","message":"Listening on port:51122"}
{"logLevel":"debug","message":"Executing '{} sayfasına git.' using 'class StepImplementation.navigateTo"}
Starting ChromeDriver 132.0.6834.159 (2d77d3fc4452661469b78f115e0aed4d71269739-refs/branch-heads/6834@{#4408}) on port 34360
Only local connections are allowed.
Please see https://chromedriver.chromium.org/security-considerations for suggestions on keeping ChromeDriver safe.
ChromeDriver was started successfully on port 34360.
Şub 02, 2025 1:51:42 ÖÖ org.openqa.selenium.devtools.CdpVersionFinder findNearestMatch
WARNING: Unable to find CDP implementation matching 132
Şub 02, 2025 1:51:42 ÖÖ org.openqa.selenium.chromium.ChromiumDriver lambda$new$3
WARNING: Unable to find version of CDP to use for . You may need to include a dependency on a specific version of the CDP using something similar to `org.seleniumhq.selenium:selenium-devtools-v86:4.8.3` where the version ("v86") matches the version of the chromium-based browser you're using and the version number of the artifact is the same as Selenium's.
{"logLevel":"debug","message":"Executing '{} elementine {} text değerini yaz' using 'class StepImplementation.enterTextIntoElement"}
{"logLevel":"debug","message":"Killing Java runner..."}
{"logLevel":"debug","message":"Stopping execution pool..."}
{"logLevel":"debug","message":"Shutting down grpc server..."}
{"logLevel":"debug","message":"Runner killed gracefully."}
